<?xml version="1.0" encoding="UTF-8"?>
<!-- Generated by org.testng.reporters.JUnitReportReporter -->
<testsuite hostname="LIN20003534" failures="0" tests="1" name="com.java.restassured.CookiesHeadersContentType" time="4.421" errors="0" timestamp="2022-01-05T10:50:13 IST" skipped="0">
  <testcase classname="com.java.restassured.CookiesHeadersContentType" name="passTheJsonFile" time="4.421"/>
  <system-out/>
</testsuite> <!-- com.java.restassured.CookiesHeadersContentType -->
