<?xml version="1.0" encoding="UTF-8"?>
<!-- Generated by org.testng.reporters.JUnitReportReporter -->
<testsuite hostname="LIN20003534" failures="0" tests="2" name="com.java.restassured.MultipleWaysToValidate" time="6.788" errors="0" timestamp="2022-01-05T10:45:20 IST" skipped="0">
  <testcase classname="com.java.restassured.MultipleWaysToValidate" name="otherWay" time="6.561"/>
  <system-out/>
  <testcase classname="com.java.restassured.MultipleWaysToValidate" name="passTheJsonFile" time="0.227"/>
  <system-out/>
</testsuite> <!-- com.java.restassured.MultipleWaysToValidate -->
