<?xml version="1.0" encoding="UTF-8"?>
<!-- Generated by org.testng.reporters.JUnitReportReporter -->
<testsuite hostname="LIN20003534" failures="0" tests="1" name="com.java.restassured.ResponseTime" time="6.254" errors="0" timestamp="2022-01-05T10:41:19 IST" skipped="0">
  <testcase classname="com.java.restassured.ResponseTime" name="passTheJsonFile" time="6.254"/>
  <system-out/>
</testsuite> <!-- com.java.restassured.ResponseTime -->
