<?xml version="1.0" encoding="UTF-8"?>
<!-- Generated by org.testng.reporters.JUnitReportReporter -->
<testsuite hostname="LIN20003534" failures="0" tests="1" name="com.java.pojosimple.payload.SerializationDeserialization" time="3.851" errors="0" timestamp="2022-01-04T21:25:43 IST" skipped="0">
  <testcase classname="com.java.pojosimple.payload.SerializationDeserialization" name="serilalizedusingSecondWay" time="3.851"/>
  <system-out/>
</testsuite> <!-- com.java.pojosimple.payload.SerializationDeserialization -->
