<?xml version="1.0" encoding="UTF-8"?>
<!-- Generated by org.testng.reporters.JUnitReportReporter -->
<testsuite hostname="LIN20003534" failures="0" tests="1" name="com.java.restassured.BasicsOfRestAssured" time="3.010" errors="0" timestamp="2022-01-04T18:28:07 IST" skipped="0">
  <testcase classname="com.java.restassured.BasicsOfRestAssured" name="usingPostCall3" time="3.010"/>
  <system-out/>
</testsuite> <!-- com.java.restassured.BasicsOfRestAssured -->
