<?xml version="1.0" encoding="UTF-8"?>
<!-- Generated by org.testng.reporters.JUnitReportReporter -->
<testsuite hostname="LIN20003534" failures="0" tests="1" name="com.java.restassured.differentWaysToPassThePayload" time="3.263" errors="0" timestamp="2022-01-04T20:20:13 IST" skipped="0">
  <testcase classname="com.java.restassured.differentWaysToPassThePayload" name="usingJsonObjectClass" time="3.263"/>
  <system-out/>
</testsuite> <!-- com.java.restassured.differentWaysToPassThePayload -->
